<?xml version="1.0" encoding="UTF-8"?>
<testng-results ignored="0" total="1" passed="1" failed="0" skipped="0">
  <reporter-output>
  </reporter-output>
  <suite started-at="2025-08-11T21:05:40 IST" name="TestSuite" finished-at="2025-08-11T21:06:05 IST" duration-ms="25265">
    <groups>
    </groups>
    <test started-at="2025-08-11T21:05:40 IST" name="LoginTests" finished-at="2025-08-11T21:06:05 IST" duration-ms="25265">
      <class name="tests.LoginTest">
        <test-method is-config="true" signature="setUp()[pri:0, instance:tests.LoginTest@4c371370]" started-at="2025-08-11T21:05:40 IST" name="setUp" finished-at="2025-08-11T21:06:02 IST" duration-ms="22182" status="PASS">
          <reporter-output>
          </reporter-output>
        </test-method> <!-- setUp -->
        <test-method signature="testValidLogin()[pri:0, instance:tests.LoginTest@4c371370]" started-at="2025-08-11T21:06:02 IST" name="testValidLogin" finished-at="2025-08-11T21:06:05 IST" duration-ms="2208" status="PASS">
          <reporter-output>
          </reporter-output>
        </test-method> <!-- testValidLogin -->
        <test-method is-config="true" signature="tearDown()[pri:0, instance:tests.LoginTest@4c371370]" started-at="2025-08-11T21:06:05 IST" name="tearDown" finished-at="2025-08-11T21:06:05 IST" duration-ms="740" status="PASS">
          <reporter-output>
          </reporter-output>
        </test-method> <!-- tearDown -->
      </class> <!-- tests.LoginTest -->
    </test> <!-- LoginTests -->
  </suite> <!-- TestSuite -->
</testng-results>
